<?xml version="1.0" encoding="UTF-8"?>
<testsuite xmlns:xsi="http://www.w3.org/2001/XMLSchema-instance" xsi:noNamespaceSchemaLocation="https://maven.apache.org/surefire/maven-surefire-plugin/xsd/surefire-test-report-3.0.xsd" version="3.0" name="DepartamentoServiceTest" time="3.912" tests="6" errors="0" skipped="0" failures="0">
  <properties>
[...]
</properties>
  <testcase name="testGetDepartamentoByUUID" classname="DepartamentoServiceTest" time="0.102">
    <system-out><![CDATA[20:06:43.704 [main] INFO org.springframework.boot.devtools.restart.RestartApplicationListener -- Restart disabled due to context in which it is running

  .   ____          _            __ _ _
 /\\ / ___'_ __ _ _(_)_ __  __ _ \ \ \ \
( ( )\___ | '_ | '_| | '_ \/ _` | \ \ \ \
 \\/  ___)| |_)| | | | | || (_| |  ) ) ) )
  '  |____| .__|_| |_|_| |_\__, | / / / /
 =========|_|==============|___/=/_/_/_/
 :: Spring Boot ::                (v3.1.5)

2024-01-09T20:06:43.931+01:00  INFO 94949 --- [           main] DepartamentoServiceTest                  : Starting DepartamentoServiceTest using Java 21.0.1 with PID 94949 (started by antonioroldanandrade in /Users/antonioroldanandrade/Documents/IW2023-2024-OMW)
2024-01-09T20:06:43.933+01:00  INFO 94949 --- [           main] DepartamentoServiceTest                  : No active profile set, falling back to 1 default profile: "default"
2024-01-09T20:06:47.110+01:00  INFO 94949 --- [           main] DepartamentoServiceTest                  : Started DepartamentoServiceTest in 3.413 seconds (process running for 4.216)
]]></system-out>
    <system-err><![CDATA[WARNING: A Java agent has been loaded dynamically (/Users/antonioroldanandrade/.m2/repository/net/bytebuddy/byte-buddy-agent/1.14.9/byte-buddy-agent-1.14.9.jar)
WARNING: If a serviceability tool is in use, please run with -XX:+EnableDynamicAgentLoading to hide this warning
WARNING: If a serviceability tool is not in use, please run with -Djdk.instrument.traceUsage for more information
WARNING: Dynamic loading of agents will be disallowed by default in a future release
]]></system-err>
  </testcase>
  <testcase name="testSetNombreDepartamento" classname="DepartamentoServiceTest" time="0.01"/>
  <testcase name="testAddDepartamento" classname="DepartamentoServiceTest" time="0.006"/>
  <testcase name="testGetAllDepartamento" classname="DepartamentoServiceTest" time="0.005"/>
  <testcase name="testGetNombresDepartamentos" classname="DepartamentoServiceTest" time="0.007"/>
  <testcase name="testGetDepartamentoByNombre" classname="DepartamentoServiceTest" time="0.014"/>
</testsuite>