<?xml version="1.0" encoding="UTF-8"?>
<testsuite xmlns:xsi="http://www.w3.org/2001/XMLSchema-instance" xsi:noNamespaceSchemaLocation="https://maven.apache.org/surefire/maven-surefire-plugin/xsd/surefire-test-report-3.0.xsd" version="3.0" name="com.IWPhone.IwBankApplicationTests" time="11.524" tests="1" errors="0" skipped="0" failures="0">
  <properties>
[...]
</properties>
  <testcase name="contextLoads" classname="com.IWPhone.IwBankApplicationTests" time="0.987">
    <system-out><![CDATA[19:43:09.427 [main] INFO org.springframework.test.context.support.AnnotationConfigContextLoaderUtils -- Could not detect default configuration classes for test class [com.IWPhone.IwBankApplicationTests]: IwBankApplicationTests does not declare any static, non-private, non-final, nested classes annotated with @Configuration.
19:43:09.606 [main] INFO org.springframework.boot.test.context.SpringBootTestContextBootstrapper -- Found @SpringBootConfiguration com.IWPhone.IwBankApplication for test class com.IWPhone.IwBankApplicationTests
19:43:09.860 [main] INFO org.springframework.boot.devtools.restart.RestartApplicationListener -- Restart disabled due to context in which it is running

  .   ____          _            __ _ _
 /\\ / ___'_ __ _ _(_)_ __  __ _ \ \ \ \
( ( )\___ | '_ | '_| | '_ \/ _` | \ \ \ \
 \\/  ___)| |_)| | | | | || (_| |  ) ) ) )
  '  |____| .__|_| |_|_| |_\__, | / / / /
 =========|_|==============|___/=/_/_/_/
 :: Spring Boot ::                (v3.1.5)

2023-12-18T19:43:10.353+01:00  INFO 9892 --- [           main] com.IWPhone.IwBankApplicationTests       : Starting IwBankApplicationTests using Java 21.0.1 with PID 9892 (started by alvar in C:\Users\alvar\Documentos\GitHub\IW2023-2024-OMW)
2023-12-18T19:43:10.357+01:00  INFO 9892 --- [           main] com.IWPhone.IwBankApplicationTests       : No active profile set, falling back to 1 default profile: "default"
2023-12-18T19:43:11.841+01:00  INFO 9892 --- [           main] .s.d.r.c.RepositoryConfigurationDelegate : Bootstrapping Spring Data JPA repositories in DEFAULT mode.
2023-12-18T19:43:12.037+01:00  INFO 9892 --- [           main] .s.d.r.c.RepositoryConfigurationDelegate : Finished Spring Data repository scanning in 177 ms. Found 6 JPA repository interfaces.
2023-12-18T19:43:13.123+01:00  INFO 9892 --- [           main] o.hibernate.jpa.internal.util.LogHelper  : HHH000204: Processing PersistenceUnitInfo [name: default]
2023-12-18T19:43:13.266+01:00  INFO 9892 --- [           main] org.hibernate.Version                    : HHH000412: Hibernate ORM core version 6.2.13.Final
2023-12-18T19:43:13.270+01:00  INFO 9892 --- [           main] org.hibernate.cfg.Environment            : HHH000406: Using bytecode reflection optimizer
2023-12-18T19:43:13.929+01:00  INFO 9892 --- [           main] o.s.o.j.p.SpringPersistenceUnitInfo      : No LoadTimeWeaver setup: ignoring JPA class transformer
2023-12-18T19:43:16.569+01:00  INFO 9892 --- [           main] o.h.e.t.j.p.i.JtaPlatformInitiator       : HHH000489: No JTA platform available (set 'hibernate.transaction.jta.platform' to enable JTA platform integration)
2023-12-18T19:43:16.754+01:00  INFO 9892 --- [           main] j.LocalContainerEntityManagerFactoryBean : Initialized JPA EntityManagerFactory for persistence unit 'default'
2023-12-18T19:43:18.527+01:00  INFO 9892 --- [           main] o.s.s.web.DefaultSecurityFilterChain     : Will secure any request with [org.springframework.security.web.session.DisableEncodeUrlFilter@63d43a5, org.springframework.security.web.context.request.async.WebAsyncManagerIntegrationFilter@55159007, org.springframework.security.web.context.SecurityContextHolderFilter@2c989d82, org.springframework.security.web.header.HeaderWriterFilter@4468ced2, org.springframework.security.web.csrf.CsrfFilter@1a6df932, org.springframework.security.web.authentication.logout.LogoutFilter@2396dc4e, org.springframework.security.web.authentication.UsernamePasswordAuthenticationFilter@5481f204, org.springframework.security.web.savedrequest.RequestCacheAwareFilter@2e7dd504, org.springframework.security.web.servletapi.SecurityContextHolderAwareRequestFilter@1e9e4468, org.springframework.security.web.authentication.AnonymousAuthenticationFilter@edf4973, org.springframework.security.web.access.ExceptionTranslationFilter@77430c79, org.springframework.security.web.access.intercept.AuthorizationFilter@19f9404d]
2023-12-18T19:43:19.621+01:00  INFO 9892 --- [           main] com.IWPhone.IwBankApplicationTests       : Started IwBankApplicationTests in 9.786 seconds (process running for 11.535)
]]></system-out>
    <system-err><![CDATA[WARNING: A Java agent has been loaded dynamically (C:\Users\alvar\.m2\repository\net\bytebuddy\byte-buddy-agent\1.14.9\byte-buddy-agent-1.14.9.jar)
WARNING: If a serviceability tool is in use, please run with -XX:+EnableDynamicAgentLoading to hide this warning
WARNING: If a serviceability tool is not in use, please run with -Djdk.instrument.traceUsage for more information
WARNING: Dynamic loading of agents will be disallowed by default in a future release
]]></system-err>
  </testcase>
</testsuite>